[debug] ----------------------------------------------------------------------
[debug] Command:      /usr/local/Cellar/node/5.4.0/bin/node /usr/local/bin/firebase deploy
[debug] Platform:     darwin
[debug] Node Version: v5.4.0
[debug] Time:         Thu Jan 21 2016 13:20:12 GMT-0600 (CST)
[debug] ----------------------------------------------------------------------
[debug] 
[debug] >>> HTTP REQUEST GET https://admin.firebase.com/firebase/canned-replies/token?token=XXX 
[debug] <<< HTTP RESPONSE 200
[debug] >>> HTTP REQUEST GET https://admin.firebase.com/firebase/canned-replies/token?token=XXX 
[debug] <<< HTTP RESPONSE 200
[info] 
[info] === Deploying to 'canned-replies'...
[info] 
[info] i  deploying hosting
[info] i  preparing public directory for upload...
[debug] >>> HTTP REQUEST PUT https://deploy.firebase.com/firebase/canned-replies/uploads/-K8_cJB2as67dVQDb_pr?token=XXX&fileCount=4&message= 
[debug] <<< HTTP RESPONSE 200
[info] ✔  4 files uploaded successfully
[debug] >>> HTTP REQUEST POST https://deploy.firebase.com/firebase/canned-replies/releases?token=XXX
